10:39:25.812 [main] INFO  testCases.TC_001_AccountRegistrationTest - *****  Starting TC_001_test_Account_Registration*****
10:39:25.924 [main] INFO  testCases.TC_001_AccountRegistrationTest - Clicked on My Account Link
10:39:26.320 [main] INFO  testCases.TC_001_AccountRegistrationTest - Clicked on My Register Link
10:39:26.322 [main] INFO  testCases.TC_001_AccountRegistrationTest - Providing all customer data.
10:39:26.719 [main] INFO  testCases.TC_001_AccountRegistrationTest - Clicked on Continue
10:39:27.164 [main] INFO  testCases.TC_001_AccountRegistrationTest - Verifying expected message
10:39:27.165 [main] INFO  testCases.TC_001_AccountRegistrationTest - *****  Finished TC_001_test_Account_Registration*****
10:42:34.199 [main] DEBUG io.netty.util.internal.logging.InternalLoggerFactory - Using Log4J2 as the default logging framework
10:42:34.206 [main] DEBUG io.netty.util.ResourceLeakDetector - -Dio.netty.leakDetection.level: simple
10:42:34.206 [main] DEBUG io.netty.util.ResourceLeakDetector - -Dio.netty.leakDetection.targetRecords: 4
10:42:34.209 [main] DEBUG io.netty.util.ResourceLeakDetectorFactory - Loaded default ResourceLeakDetector: io.netty.util.ResourceLeakDetector@7c1812b3
10:42:34.222 [main] DEBUG io.netty.util.internal.PlatformDependent0 - -Dio.netty.noUnsafe: false
10:42:34.222 [main] DEBUG io.netty.util.internal.PlatformDependent0 - Java version: 17
10:42:34.223 [main] DEBUG io.netty.util.internal.PlatformDependent0 - sun.misc.Unsafe.theUnsafe: available
10:42:34.223 [main] DEBUG io.netty.util.internal.PlatformDependent0 - sun.misc.Unsafe.copyMemory: available
10:42:34.223 [main] DEBUG io.netty.util.internal.PlatformDependent0 - sun.misc.Unsafe.storeFence: available
10:42:34.224 [main] DEBUG io.netty.util.internal.PlatformDependent0 - java.nio.Buffer.address: available
10:42:34.224 [main] DEBUG io.netty.util.internal.PlatformDependent0 - direct buffer constructor: unavailable: Reflective setAccessible(true) disabled
10:42:34.226 [main] DEBUG io.netty.util.internal.PlatformDependent0 - java.nio.Bits.unaligned: available, true
10:42:34.228 [main] DEBUG io.netty.util.internal.PlatformDependent0 - jdk.internal.misc.Unsafe.allocateUninitializedArray(int): unavailable: class io.netty.util.internal.PlatformDependent0$7 cannot access class jdk.internal.misc.Unsafe (in module java.base) because module java.base does not export jdk.internal.misc to unnamed module @3327bd23
10:42:34.229 [main] DEBUG io.netty.util.internal.PlatformDependent0 - java.nio.DirectByteBuffer.<init>(long, int): unavailable
10:42:34.229 [main] DEBUG io.netty.util.internal.PlatformDependent - sun.misc.Unsafe: available
10:42:34.229 [main] DEBUG io.netty.util.internal.PlatformDependent - maxDirectMemory: 4238344192 bytes (maybe)
10:42:34.229 [main] DEBUG io.netty.util.internal.PlatformDependent - -Dio.netty.tmpdir: C:\Users\bharg\AppData\Local\Temp (java.io.tmpdir)
10:42:34.229 [main] DEBUG io.netty.util.internal.PlatformDependent - -Dio.netty.bitMode: 64 (sun.arch.data.model)
10:42:34.230 [main] DEBUG io.netty.util.internal.PlatformDependent - Platform: Windows
10:42:34.230 [main] DEBUG io.netty.util.internal.PlatformDependent - -Dio.netty.maxDirectMemory: -1 bytes
10:42:34.230 [main] DEBUG io.netty.util.internal.PlatformDependent - -Dio.netty.uninitializedArrayAllocationThreshold: -1
10:42:34.231 [main] DEBUG io.netty.util.internal.CleanerJava9 - java.nio.ByteBuffer.cleaner(): available
10:42:34.231 [main] DEBUG io.netty.util.internal.PlatformDependent - -Dio.netty.noPreferDirect: false
10:42:34.235 [main] DEBUG io.netty.util.internal.PlatformDependent - org.jctools-core.MpscChunkedArrayQueue: available
10:42:34.249 [main] DEBUG io.netty.util.internal.InternalThreadLocalMap - -Dio.netty.threadLocalMap.stringBuilder.initialSize: 1024
10:42:34.250 [main] DEBUG io.netty.util.internal.InternalThreadLocalMap - -Dio.netty.threadLocalMap.stringBuilder.maxSize: 4096
10:42:34.292 [main] DEBUG io.netty.handler.ssl.JdkSslContext - Default protocols (JDK): [TLSv1.3, TLSv1.2] 
10:42:34.292 [main] DEBUG io.netty.handler.ssl.JdkSslContext - Default cipher suites (JDK): [TLS_ECDHE_ECDSA_WITH_AES_256_GCM_SHA384, TLS_ECDHE_ECDSA_WITH_AES_128_GCM_SHA256, TLS_ECDHE_RSA_WITH_AES_128_GCM_SHA256, TLS_ECDHE_RSA_WITH_AES_256_GCM_SHA384, TLS_ECDHE_RSA_WITH_AES_128_CBC_SHA, TLS_ECDHE_RSA_WITH_AES_256_CBC_SHA, TLS_RSA_WITH_AES_128_GCM_SHA256, TLS_RSA_WITH_AES_128_CBC_SHA, TLS_RSA_WITH_AES_256_CBC_SHA, TLS_AES_128_GCM_SHA256, TLS_AES_256_GCM_SHA384]
10:42:34.310 [main] DEBUG io.netty.channel.MultithreadEventLoopGroup - -Dio.netty.eventLoopThreads: 16
10:42:34.318 [main] DEBUG io.netty.channel.nio.NioEventLoop - -Dio.netty.noKeySetOptimization: false
10:42:34.318 [main] DEBUG io.netty.channel.nio.NioEventLoop - -Dio.netty.selectorAutoRebuildThreshold: 512
10:42:34.356 [main] DEBUG io.netty.buffer.PooledByteBufAllocator - -Dio.netty.allocator.numHeapArenas: 16
10:42:34.356 [main] DEBUG io.netty.buffer.PooledByteBufAllocator - -Dio.netty.allocator.numDirectArenas: 16
10:42:34.356 [main] DEBUG io.netty.buffer.PooledByteBufAllocator - -Dio.netty.allocator.pageSize: 8192
10:42:34.356 [main] DEBUG io.netty.buffer.PooledByteBufAllocator - -Dio.netty.allocator.maxOrder: 9
10:42:34.356 [main] DEBUG io.netty.buffer.PooledByteBufAllocator - -Dio.netty.allocator.chunkSize: 4194304
10:42:34.356 [main] DEBUG io.netty.buffer.PooledByteBufAllocator - -Dio.netty.allocator.smallCacheSize: 256
10:42:34.356 [main] DEBUG io.netty.buffer.PooledByteBufAllocator - -Dio.netty.allocator.normalCacheSize: 64
10:42:34.356 [main] DEBUG io.netty.buffer.PooledByteBufAllocator - -Dio.netty.allocator.maxCachedBufferCapacity: 32768
10:42:34.356 [main] DEBUG io.netty.buffer.PooledByteBufAllocator - -Dio.netty.allocator.cacheTrimInterval: 8192
10:42:34.356 [main] DEBUG io.netty.buffer.PooledByteBufAllocator - -Dio.netty.allocator.cacheTrimIntervalMillis: 0
10:42:34.356 [main] DEBUG io.netty.buffer.PooledByteBufAllocator - -Dio.netty.allocator.useCacheForAllThreads: false
10:42:34.356 [main] DEBUG io.netty.buffer.PooledByteBufAllocator - -Dio.netty.allocator.maxCachedByteBuffersPerChunk: 1023
10:42:34.365 [main] DEBUG io.netty.buffer.ByteBufUtil - -Dio.netty.allocator.type: pooled
10:42:34.365 [main] DEBUG io.netty.buffer.ByteBufUtil - -Dio.netty.threadLocalDirectBufferSize: 0
10:42:34.365 [main] DEBUG io.netty.buffer.ByteBufUtil - -Dio.netty.maxThreadLocalCharBufferSize: 16384
10:42:34.635 [Forwarding newSession on session null to remote] DEBUG io.netty.channel.DefaultChannelId - -Dio.netty.processId: 2476 (auto-detected)
10:42:34.639 [Forwarding newSession on session null to remote] DEBUG io.netty.util.NetUtil - -Djava.net.preferIPv4Stack: false
10:42:34.639 [Forwarding newSession on session null to remote] DEBUG io.netty.util.NetUtil - -Djava.net.preferIPv6Addresses: false
10:42:34.644 [Forwarding newSession on session null to remote] DEBUG io.netty.util.NetUtilInitializations - Loopback interface: lo (Software Loopback Interface 1, 127.0.0.1)
10:42:34.645 [Forwarding newSession on session null to remote] DEBUG io.netty.util.NetUtil - Failed to get SOMAXCONN from sysctl and file \proc\sys\net\core\somaxconn. Default: 200
10:42:34.668 [Forwarding newSession on session null to remote] DEBUG io.netty.channel.DefaultChannelId - -Dio.netty.machineId: 00:50:56:ff:fe:c0:00:08 (auto-detected)
10:42:34.717 [AsyncHttpClient-1-2] DEBUG io.netty.buffer.AbstractByteBuf - -Dio.netty.buffer.checkAccessible: true
10:42:34.717 [AsyncHttpClient-1-2] DEBUG io.netty.buffer.AbstractByteBuf - -Dio.netty.buffer.checkBounds: true
10:42:34.717 [AsyncHttpClient-1-2] DEBUG io.netty.util.ResourceLeakDetectorFactory - Loaded default ResourceLeakDetector: io.netty.util.ResourceLeakDetector@39dd8965
10:42:34.732 [AsyncHttpClient-1-2] DEBUG io.netty.util.Recycler - -Dio.netty.recycler.maxCapacityPerThread: 4096
10:42:34.732 [AsyncHttpClient-1-2] DEBUG io.netty.util.Recycler - -Dio.netty.recycler.ratio: 8
10:42:34.732 [AsyncHttpClient-1-2] DEBUG io.netty.util.Recycler - -Dio.netty.recycler.chunkSize: 32
10:42:34.732 [AsyncHttpClient-1-2] DEBUG io.netty.util.Recycler - -Dio.netty.recycler.blocking: false
10:42:35.344 [AsyncHttpClient-1-2] DEBUG io.netty.handler.codec.compression.Brotli - brotli4j not in the classpath; Brotli support will be unavailable.
10:42:35.434 [main] DEBUG io.netty.util.internal.ThreadLocalRandom - -Dio.netty.initialSeedUniquifier: 0xdb657d2a37019891
10:42:36.940 [main] DEBUG testCases.TC_001_AccountRegistrationTest - application logs......
10:42:36.940 [main] INFO  testCases.TC_001_AccountRegistrationTest - *****  Starting TC_001_test_Account_Registration*****
10:42:37.040 [main] INFO  testCases.TC_001_AccountRegistrationTest - Clicked on My Account Link
10:42:37.484 [main] INFO  testCases.TC_001_AccountRegistrationTest - Clicked on My Register Link
10:42:37.486 [main] INFO  testCases.TC_001_AccountRegistrationTest - Providing all customer data.
10:42:37.896 [main] INFO  testCases.TC_001_AccountRegistrationTest - Clicked on Continue
10:42:38.218 [main] INFO  testCases.TC_001_AccountRegistrationTest - Verifying expected message
10:42:38.220 [main] INFO  testCases.TC_001_AccountRegistrationTest - *****  Finished TC_001_test_Account_Registration*****
10:43:12.013 [main] DEBUG io.netty.util.internal.logging.InternalLoggerFactory - Using Log4J2 as the default logging framework
10:43:12.018 [main] DEBUG io.netty.util.ResourceLeakDetector - -Dio.netty.leakDetection.level: simple
10:43:12.018 [main] DEBUG io.netty.util.ResourceLeakDetector - -Dio.netty.leakDetection.targetRecords: 4
10:43:12.021 [main] DEBUG io.netty.util.ResourceLeakDetectorFactory - Loaded default ResourceLeakDetector: io.netty.util.ResourceLeakDetector@12aa4996
10:43:12.032 [main] DEBUG io.netty.util.internal.PlatformDependent0 - -Dio.netty.noUnsafe: false
10:43:12.032 [main] DEBUG io.netty.util.internal.PlatformDependent0 - Java version: 17
10:43:12.032 [main] DEBUG io.netty.util.internal.PlatformDependent0 - sun.misc.Unsafe.theUnsafe: available
10:43:12.033 [main] DEBUG io.netty.util.internal.PlatformDependent0 - sun.misc.Unsafe.copyMemory: available
10:43:12.033 [main] DEBUG io.netty.util.internal.PlatformDependent0 - sun.misc.Unsafe.storeFence: available
10:43:12.033 [main] DEBUG io.netty.util.internal.PlatformDependent0 - java.nio.Buffer.address: available
10:43:12.034 [main] DEBUG io.netty.util.internal.PlatformDependent0 - direct buffer constructor: unavailable: Reflective setAccessible(true) disabled
10:43:12.034 [main] DEBUG io.netty.util.internal.PlatformDependent0 - java.nio.Bits.unaligned: available, true
10:43:12.035 [main] DEBUG io.netty.util.internal.PlatformDependent0 - jdk.internal.misc.Unsafe.allocateUninitializedArray(int): unavailable: class io.netty.util.internal.PlatformDependent0$7 cannot access class jdk.internal.misc.Unsafe (in module java.base) because module java.base does not export jdk.internal.misc to unnamed module @3327bd23
10:43:12.035 [main] DEBUG io.netty.util.internal.PlatformDependent0 - java.nio.DirectByteBuffer.<init>(long, int): unavailable
10:43:12.035 [main] DEBUG io.netty.util.internal.PlatformDependent - sun.misc.Unsafe: available
10:43:12.036 [main] DEBUG io.netty.util.internal.PlatformDependent - maxDirectMemory: 4238344192 bytes (maybe)
10:43:12.036 [main] DEBUG io.netty.util.internal.PlatformDependent - -Dio.netty.tmpdir: C:\Users\bharg\AppData\Local\Temp (java.io.tmpdir)
10:43:12.036 [main] DEBUG io.netty.util.internal.PlatformDependent - -Dio.netty.bitMode: 64 (sun.arch.data.model)
10:43:12.036 [main] DEBUG io.netty.util.internal.PlatformDependent - Platform: Windows
10:43:12.037 [main] DEBUG io.netty.util.internal.PlatformDependent - -Dio.netty.maxDirectMemory: -1 bytes
10:43:12.037 [main] DEBUG io.netty.util.internal.PlatformDependent - -Dio.netty.uninitializedArrayAllocationThreshold: -1
10:43:12.037 [main] DEBUG io.netty.util.internal.CleanerJava9 - java.nio.ByteBuffer.cleaner(): available
10:43:12.038 [main] DEBUG io.netty.util.internal.PlatformDependent - -Dio.netty.noPreferDirect: false
10:43:12.047 [main] DEBUG io.netty.util.internal.PlatformDependent - org.jctools-core.MpscChunkedArrayQueue: available
10:43:12.056 [main] DEBUG io.netty.util.internal.InternalThreadLocalMap - -Dio.netty.threadLocalMap.stringBuilder.initialSize: 1024
10:43:12.056 [main] DEBUG io.netty.util.internal.InternalThreadLocalMap - -Dio.netty.threadLocalMap.stringBuilder.maxSize: 4096
10:43:12.086 [main] DEBUG io.netty.handler.ssl.JdkSslContext - Default protocols (JDK): [TLSv1.3, TLSv1.2] 
10:43:12.087 [main] DEBUG io.netty.handler.ssl.JdkSslContext - Default cipher suites (JDK): [TLS_ECDHE_ECDSA_WITH_AES_256_GCM_SHA384, TLS_ECDHE_ECDSA_WITH_AES_128_GCM_SHA256, TLS_ECDHE_RSA_WITH_AES_128_GCM_SHA256, TLS_ECDHE_RSA_WITH_AES_256_GCM_SHA384, TLS_ECDHE_RSA_WITH_AES_128_CBC_SHA, TLS_ECDHE_RSA_WITH_AES_256_CBC_SHA, TLS_RSA_WITH_AES_128_GCM_SHA256, TLS_RSA_WITH_AES_128_CBC_SHA, TLS_RSA_WITH_AES_256_CBC_SHA, TLS_AES_128_GCM_SHA256, TLS_AES_256_GCM_SHA384]
10:43:12.101 [main] DEBUG io.netty.channel.MultithreadEventLoopGroup - -Dio.netty.eventLoopThreads: 16
10:43:12.106 [main] DEBUG io.netty.channel.nio.NioEventLoop - -Dio.netty.noKeySetOptimization: false
10:43:12.106 [main] DEBUG io.netty.channel.nio.NioEventLoop - -Dio.netty.selectorAutoRebuildThreshold: 512
10:43:12.136 [main] DEBUG io.netty.buffer.PooledByteBufAllocator - -Dio.netty.allocator.numHeapArenas: 16
10:43:12.136 [main] DEBUG io.netty.buffer.PooledByteBufAllocator - -Dio.netty.allocator.numDirectArenas: 16
10:43:12.136 [main] DEBUG io.netty.buffer.PooledByteBufAllocator - -Dio.netty.allocator.pageSize: 8192
10:43:12.136 [main] DEBUG io.netty.buffer.PooledByteBufAllocator - -Dio.netty.allocator.maxOrder: 9
10:43:12.136 [main] DEBUG io.netty.buffer.PooledByteBufAllocator - -Dio.netty.allocator.chunkSize: 4194304
10:43:12.136 [main] DEBUG io.netty.buffer.PooledByteBufAllocator - -Dio.netty.allocator.smallCacheSize: 256
10:43:12.136 [main] DEBUG io.netty.buffer.PooledByteBufAllocator - -Dio.netty.allocator.normalCacheSize: 64
10:43:12.136 [main] DEBUG io.netty.buffer.PooledByteBufAllocator - -Dio.netty.allocator.maxCachedBufferCapacity: 32768
10:43:12.136 [main] DEBUG io.netty.buffer.PooledByteBufAllocator - -Dio.netty.allocator.cacheTrimInterval: 8192
10:43:12.136 [main] DEBUG io.netty.buffer.PooledByteBufAllocator - -Dio.netty.allocator.cacheTrimIntervalMillis: 0
10:43:12.136 [main] DEBUG io.netty.buffer.PooledByteBufAllocator - -Dio.netty.allocator.useCacheForAllThreads: false
10:43:12.136 [main] DEBUG io.netty.buffer.PooledByteBufAllocator - -Dio.netty.allocator.maxCachedByteBuffersPerChunk: 1023
10:43:12.142 [main] DEBUG io.netty.buffer.ByteBufUtil - -Dio.netty.allocator.type: pooled
10:43:12.142 [main] DEBUG io.netty.buffer.ByteBufUtil - -Dio.netty.threadLocalDirectBufferSize: 0
10:43:12.142 [main] DEBUG io.netty.buffer.ByteBufUtil - -Dio.netty.maxThreadLocalCharBufferSize: 16384
10:43:12.345 [Forwarding newSession on session null to remote] DEBUG io.netty.channel.DefaultChannelId - -Dio.netty.processId: 6424 (auto-detected)
10:43:12.346 [Forwarding newSession on session null to remote] DEBUG io.netty.util.NetUtil - -Djava.net.preferIPv4Stack: false
10:43:12.347 [Forwarding newSession on session null to remote] DEBUG io.netty.util.NetUtil - -Djava.net.preferIPv6Addresses: false
10:43:12.352 [Forwarding newSession on session null to remote] DEBUG io.netty.util.NetUtilInitializations - Loopback interface: lo (Software Loopback Interface 1, 127.0.0.1)
10:43:12.352 [Forwarding newSession on session null to remote] DEBUG io.netty.util.NetUtil - Failed to get SOMAXCONN from sysctl and file \proc\sys\net\core\somaxconn. Default: 200
10:43:12.372 [Forwarding newSession on session null to remote] DEBUG io.netty.channel.DefaultChannelId - -Dio.netty.machineId: 00:50:56:ff:fe:c0:00:08 (auto-detected)
10:43:12.412 [AsyncHttpClient-1-2] DEBUG io.netty.buffer.AbstractByteBuf - -Dio.netty.buffer.checkAccessible: true
10:43:12.412 [AsyncHttpClient-1-2] DEBUG io.netty.buffer.AbstractByteBuf - -Dio.netty.buffer.checkBounds: true
10:43:12.412 [AsyncHttpClient-1-2] DEBUG io.netty.util.ResourceLeakDetectorFactory - Loaded default ResourceLeakDetector: io.netty.util.ResourceLeakDetector@5c99af51
10:43:12.423 [AsyncHttpClient-1-2] DEBUG io.netty.util.Recycler - -Dio.netty.recycler.maxCapacityPerThread: 4096
10:43:12.423 [AsyncHttpClient-1-2] DEBUG io.netty.util.Recycler - -Dio.netty.recycler.ratio: 8
10:43:12.424 [AsyncHttpClient-1-2] DEBUG io.netty.util.Recycler - -Dio.netty.recycler.chunkSize: 32
10:43:12.424 [AsyncHttpClient-1-2] DEBUG io.netty.util.Recycler - -Dio.netty.recycler.blocking: false
10:43:12.971 [AsyncHttpClient-1-2] DEBUG io.netty.handler.codec.compression.Brotli - brotli4j not in the classpath; Brotli support will be unavailable.
10:43:13.027 [main] DEBUG io.netty.util.internal.ThreadLocalRandom - -Dio.netty.initialSeedUniquifier: 0x7ef9f0525a5f6086
10:43:13.838 [main] DEBUG testCases.TC_001_AccountRegistrationTest - application logs......
10:43:13.838 [main] INFO  testCases.TC_001_AccountRegistrationTest - *****  Starting TC_001_test_Account_Registration*****
10:43:13.910 [main] INFO  testCases.TC_001_AccountRegistrationTest - Clicked on My Account Link
10:43:14.202 [main] INFO  testCases.TC_001_AccountRegistrationTest - Clicked on My Register Link
10:43:14.205 [main] INFO  testCases.TC_001_AccountRegistrationTest - Providing all customer data.
10:43:14.597 [main] INFO  testCases.TC_001_AccountRegistrationTest - Clicked on Continue
10:43:14.911 [main] INFO  testCases.TC_001_AccountRegistrationTest - Verifying expected message
10:44:28.158 [main] INFO  testCases.TC_001_AccountRegistrationTest - *****  Starting TC_001_test_Account_Registration*****
10:44:28.232 [main] INFO  testCases.TC_001_AccountRegistrationTest - Clicked on My Account Link
10:44:28.477 [main] INFO  testCases.TC_001_AccountRegistrationTest - Clicked on My Register Link
10:44:28.481 [main] INFO  testCases.TC_001_AccountRegistrationTest - Providing all customer data.
10:44:28.885 [main] INFO  testCases.TC_001_AccountRegistrationTest - Clicked on Continue
10:44:29.201 [main] INFO  testCases.TC_001_AccountRegistrationTest - Verifying expected message
13:16:01.592 [main] INFO  testCases.TC_001_AccountRegistrationTest - *****  Starting TC_001_test_Account_Registration*****
13:16:01.673 [main] INFO  testCases.TC_001_AccountRegistrationTest - Clicked on My Account Link
13:16:01.946 [main] INFO  testCases.TC_001_AccountRegistrationTest - Clicked on My Register Link
13:16:01.948 [main] INFO  testCases.TC_001_AccountRegistrationTest - Providing all customer data.
13:16:02.371 [main] INFO  testCases.TC_001_AccountRegistrationTest - Clicked on Continue
13:16:02.696 [main] INFO  testCases.TC_001_AccountRegistrationTest - Verifying expected message
13:16:02.699 [main] INFO  testCases.TC_001_AccountRegistrationTest - *****  Finished TC_001_test_Account_Registration*****
13:43:13.392 [main] INFO  testCases.TC_001_AccountRegistrationTest - *****  Starting TC_001_test_Account_Registration*****
13:43:13.456 [main] INFO  testCases.TC_001_AccountRegistrationTest - Clicked on My Account Link
13:43:13.715 [main] INFO  testCases.TC_001_AccountRegistrationTest - Clicked on My Register Link
13:43:13.717 [main] INFO  testCases.TC_001_AccountRegistrationTest - Providing all customer data.
13:43:14.140 [main] INFO  testCases.TC_001_AccountRegistrationTest - Clicked on Continue
13:43:14.452 [main] INFO  testCases.TC_001_AccountRegistrationTest - Verifying expected message
13:43:14.454 [main] INFO  testCases.TC_001_AccountRegistrationTest - *****  Finished TC_001_test_Account_Registration*****
13:44:25.386 [main] INFO  testCases.TC_001_AccountRegistrationTest - *****  Starting TC_001_test_Account_Registration*****
13:44:25.651 [main] INFO  testCases.TC_001_AccountRegistrationTest - Clicked on My Account Link
13:44:25.999 [main] INFO  testCases.TC_001_AccountRegistrationTest - Clicked on My Register Link
13:44:26.001 [main] INFO  testCases.TC_001_AccountRegistrationTest - Providing all customer data.
13:44:26.352 [main] INFO  testCases.TC_001_AccountRegistrationTest - Clicked on Continue
13:44:26.641 [main] INFO  testCases.TC_001_AccountRegistrationTest - Verifying expected message
13:44:26.644 [main] INFO  testCases.TC_001_AccountRegistrationTest - *****  Finished TC_001_test_Account_Registration*****
13:58:01.874 [TestNG-tests-1] INFO  testCases.TC_001_AccountRegistrationTest - *****  Starting TC_001_test_Account_Registration*****
13:58:01.997 [TestNG-tests-1] INFO  testCases.TC_001_AccountRegistrationTest - Clicked on My Account Link
13:58:02.371 [TestNG-tests-1] INFO  testCases.TC_001_AccountRegistrationTest - Clicked on My Register Link
13:58:02.372 [TestNG-tests-1] INFO  testCases.TC_001_AccountRegistrationTest - Providing all customer data.
13:58:02.930 [TestNG-tests-1] INFO  testCases.TC_001_AccountRegistrationTest - Clicked on Continue
13:58:03.142 [TestNG-tests-2] INFO  testCases.TC_001_AccountRegistrationTest - *****  Starting TC_001_test_Account_Registration*****
13:58:03.343 [TestNG-tests-1] INFO  testCases.TC_001_AccountRegistrationTest - Verifying expected message
13:58:03.345 [TestNG-tests-1] INFO  testCases.TC_001_AccountRegistrationTest - *****  Finished TC_001_test_Account_Registration*****
13:58:03.389 [TestNG-tests-2] INFO  testCases.TC_001_AccountRegistrationTest - Clicked on My Account Link
13:58:03.753 [TestNG-tests-2] INFO  testCases.TC_001_AccountRegistrationTest - Clicked on My Register Link
13:58:03.754 [TestNG-tests-2] INFO  testCases.TC_001_AccountRegistrationTest - Providing all customer data.
13:58:04.099 [TestNG-tests-2] INFO  testCases.TC_001_AccountRegistrationTest - Clicked on Continue
13:58:04.512 [TestNG-tests-2] INFO  testCases.TC_001_AccountRegistrationTest - Verifying expected message
13:58:04.512 [TestNG-tests-2] INFO  testCases.TC_001_AccountRegistrationTest - *****  Finished TC_001_test_Account_Registration*****
13:58:42.797 [TestNG-tests-1] INFO  testCases.TC_001_AccountRegistrationTest - *****  Starting TC_001_test_Account_Registration*****
13:58:43.377 [TestNG-tests-1] INFO  testCases.TC_001_AccountRegistrationTest - Clicked on My Account Link
13:58:43.786 [TestNG-tests-1] INFO  testCases.TC_001_AccountRegistrationTest - Clicked on My Register Link
13:58:43.788 [TestNG-tests-1] INFO  testCases.TC_001_AccountRegistrationTest - Providing all customer data.
13:58:44.443 [TestNG-tests-1] INFO  testCases.TC_001_AccountRegistrationTest - Clicked on Continue
13:58:44.978 [TestNG-tests-1] INFO  testCases.TC_001_AccountRegistrationTest - Verifying expected message
13:58:44.980 [TestNG-tests-1] INFO  testCases.TC_001_AccountRegistrationTest - *****  Finished TC_001_test_Account_Registration*****
13:58:45.757 [TestNG-tests-2] INFO  testCases.TC_001_AccountRegistrationTest - *****  Starting TC_001_test_Account_Registration*****
13:58:46.009 [TestNG-tests-2] INFO  testCases.TC_001_AccountRegistrationTest - Clicked on My Account Link
13:58:46.397 [TestNG-tests-2] INFO  testCases.TC_001_AccountRegistrationTest - Clicked on My Register Link
13:58:46.398 [TestNG-tests-2] INFO  testCases.TC_001_AccountRegistrationTest - Providing all customer data.
13:58:46.722 [TestNG-tests-2] INFO  testCases.TC_001_AccountRegistrationTest - Clicked on Continue
13:58:47.137 [TestNG-tests-2] INFO  testCases.TC_001_AccountRegistrationTest - Verifying expected message
13:58:47.137 [TestNG-tests-2] INFO  testCases.TC_001_AccountRegistrationTest - *****  Finished TC_001_test_Account_Registration*****
14:00:58.276 [TestNG-tests-1] INFO  testCases.TC_001_AccountRegistrationTest - *****  Starting TC_001_test_Account_Registration*****
14:00:58.419 [TestNG-tests-1] INFO  testCases.TC_001_AccountRegistrationTest - Clicked on My Account Link
14:00:59.132 [TestNG-tests-1] INFO  testCases.TC_001_AccountRegistrationTest - Clicked on My Register Link
14:00:59.135 [TestNG-tests-1] INFO  testCases.TC_001_AccountRegistrationTest - Providing all customer data.
14:00:59.944 [TestNG-tests-1] INFO  testCases.TC_001_AccountRegistrationTest - Clicked on Continue
14:01:00.322 [TestNG-tests-1] INFO  testCases.TC_001_AccountRegistrationTest - Verifying expected message
14:01:00.328 [TestNG-tests-1] INFO  testCases.TC_001_AccountRegistrationTest - *****  Finished TC_001_test_Account_Registration*****
14:01:00.762 [TestNG-tests-2] INFO  testCases.TC_001_AccountRegistrationTest - *****  Starting TC_001_test_Account_Registration*****
14:01:01.005 [TestNG-tests-2] INFO  testCases.TC_001_AccountRegistrationTest - Clicked on My Account Link
14:01:01.502 [TestNG-tests-2] INFO  testCases.TC_001_AccountRegistrationTest - Clicked on My Register Link
14:01:01.505 [TestNG-tests-2] INFO  testCases.TC_001_AccountRegistrationTest - Providing all customer data.
14:01:01.848 [TestNG-tests-2] INFO  testCases.TC_001_AccountRegistrationTest - Clicked on Continue
14:01:02.158 [TestNG-tests-2] INFO  testCases.TC_001_AccountRegistrationTest - Verifying expected message
14:01:02.159 [TestNG-tests-2] INFO  testCases.TC_001_AccountRegistrationTest - *****  Finished TC_001_test_Account_Registration*****
14:18:28.987 [TestNG-tests-1] INFO  testCases.TC_001_AccountRegistrationTest - *****  Starting TC_001_test_Account_Registration*****
14:18:29.117 [TestNG-tests-1] INFO  testCases.TC_001_AccountRegistrationTest - Clicked on My Account Link
14:18:29.797 [TestNG-tests-1] INFO  testCases.TC_001_AccountRegistrationTest - Clicked on My Register Link
14:18:29.800 [TestNG-tests-1] INFO  testCases.TC_001_AccountRegistrationTest - Providing all customer data.
14:18:30.479 [TestNG-tests-1] INFO  testCases.TC_001_AccountRegistrationTest - Clicked on Continue
14:18:30.976 [TestNG-tests-1] INFO  testCases.TC_001_AccountRegistrationTest - Verifying expected message
14:18:30.978 [TestNG-tests-1] INFO  testCases.TC_001_AccountRegistrationTest - *****  Finished TC_001_test_Account_Registration*****
14:18:32.446 [TestNG-tests-2] INFO  testCases.TC_001_AccountRegistrationTest - *****  Starting TC_001_test_Account_Registration*****
14:18:32.687 [TestNG-tests-2] INFO  testCases.TC_001_AccountRegistrationTest - Clicked on My Account Link
14:18:33.196 [TestNG-tests-2] INFO  testCases.TC_001_AccountRegistrationTest - Clicked on My Register Link
14:18:33.198 [TestNG-tests-2] INFO  testCases.TC_001_AccountRegistrationTest - Providing all customer data.
14:18:33.578 [TestNG-tests-2] INFO  testCases.TC_001_AccountRegistrationTest - Clicked on Continue
14:18:33.843 [TestNG-tests-2] INFO  testCases.TC_001_AccountRegistrationTest - Verifying expected message
14:18:33.843 [TestNG-tests-2] INFO  testCases.TC_001_AccountRegistrationTest - *****  Finished TC_001_test_Account_Registration*****
14:23:21.211 [main] INFO  testCases.TC_001_AccountRegistrationTest - *****  Starting TC_001_test_Account_Registration*****
14:23:21.307 [main] INFO  testCases.TC_001_AccountRegistrationTest - Clicked on My Account Link
14:23:21.703 [main] INFO  testCases.TC_001_AccountRegistrationTest - Clicked on My Register Link
14:23:21.705 [main] INFO  testCases.TC_001_AccountRegistrationTest - Providing all customer data.
14:23:22.219 [main] INFO  testCases.TC_001_AccountRegistrationTest - Clicked on Continue
14:23:22.614 [main] INFO  testCases.TC_001_AccountRegistrationTest - Verifying expected message
14:23:22.617 [main] INFO  testCases.TC_001_AccountRegistrationTest - *****  Finished TC_001_test_Account_Registration*****
14:23:38.329 [TestNG-tests-1] INFO  testCases.TC_001_AccountRegistrationTest - *****  Starting TC_001_test_Account_Registration*****
14:23:38.949 [TestNG-tests-1] INFO  testCases.TC_001_AccountRegistrationTest - Clicked on My Account Link
14:23:39.397 [TestNG-tests-1] INFO  testCases.TC_001_AccountRegistrationTest - Clicked on My Register Link
14:23:39.398 [TestNG-tests-1] INFO  testCases.TC_001_AccountRegistrationTest - Providing all customer data.
14:23:39.907 [TestNG-tests-3] INFO  testCases.TC_001_AccountRegistrationTest - *****  Starting TC_001_test_Account_Registration*****
14:23:40.176 [TestNG-tests-3] INFO  testCases.TC_001_AccountRegistrationTest - Clicked on My Account Link
14:23:40.603 [TestNG-tests-1] INFO  testCases.TC_001_AccountRegistrationTest - Clicked on Continue
14:23:40.668 [TestNG-tests-3] INFO  testCases.TC_001_AccountRegistrationTest - Clicked on My Register Link
14:23:40.673 [TestNG-tests-3] INFO  testCases.TC_001_AccountRegistrationTest - Providing all customer data.
14:23:41.293 [TestNG-tests-2] INFO  testCases.TC_001_AccountRegistrationTest - *****  Starting TC_001_test_Account_Registration*****
14:23:41.302 [TestNG-tests-1] INFO  testCases.TC_001_AccountRegistrationTest - Verifying expected message
14:23:41.310 [TestNG-tests-1] INFO  testCases.TC_001_AccountRegistrationTest - *****  Finished TC_001_test_Account_Registration*****
14:23:41.623 [TestNG-tests-2] INFO  testCases.TC_001_AccountRegistrationTest - Clicked on My Account Link
14:23:41.738 [TestNG-tests-3] INFO  testCases.TC_001_AccountRegistrationTest - Clicked on Continue
14:23:41.983 [TestNG-tests-2] INFO  testCases.TC_001_AccountRegistrationTest - Clicked on My Register Link
14:23:41.984 [TestNG-tests-2] INFO  testCases.TC_001_AccountRegistrationTest - Providing all customer data.
14:23:42.123 [TestNG-tests-3] INFO  testCases.TC_001_AccountRegistrationTest - Verifying expected message
14:23:42.124 [TestNG-tests-3] INFO  testCases.TC_001_AccountRegistrationTest - *****  Finished TC_001_test_Account_Registration*****
14:23:42.400 [TestNG-tests-2] INFO  testCases.TC_001_AccountRegistrationTest - Clicked on Continue
14:23:42.671 [TestNG-tests-2] INFO  testCases.TC_001_AccountRegistrationTest - Verifying expected message
14:23:42.671 [TestNG-tests-2] INFO  testCases.TC_001_AccountRegistrationTest - *****  Finished TC_001_test_Account_Registration*****
14:24:01.759 [TestNG-tests-1] INFO  testCases.TC_001_AccountRegistrationTest - *****  Starting TC_001_test_Account_Registration*****
14:24:01.825 [TestNG-tests-1] INFO  testCases.TC_001_AccountRegistrationTest - Clicked on My Account Link
14:24:02.297 [TestNG-tests-1] INFO  testCases.TC_001_AccountRegistrationTest - Clicked on My Register Link
14:24:02.300 [TestNG-tests-1] INFO  testCases.TC_001_AccountRegistrationTest - Providing all customer data.
14:24:03.676 [TestNG-tests-1] INFO  testCases.TC_001_AccountRegistrationTest - Clicked on Continue
14:24:03.688 [TestNG-tests-3] INFO  testCases.TC_001_AccountRegistrationTest - *****  Starting TC_001_test_Account_Registration*****
14:24:03.792 [TestNG-tests-3] INFO  testCases.TC_001_AccountRegistrationTest - Clicked on My Account Link
14:24:04.248 [TestNG-tests-3] INFO  testCases.TC_001_AccountRegistrationTest - Clicked on My Register Link
14:24:04.274 [TestNG-tests-3] INFO  testCases.TC_001_AccountRegistrationTest - Providing all customer data.
14:24:04.323 [TestNG-tests-1] INFO  testCases.TC_001_AccountRegistrationTest - Verifying expected message
14:24:04.328 [TestNG-tests-1] INFO  testCases.TC_001_AccountRegistrationTest - *****  Finished TC_001_test_Account_Registration*****
14:24:04.488 [TestNG-tests-2] INFO  testCases.TC_001_AccountRegistrationTest - *****  Starting TC_001_test_Account_Registration*****
14:24:04.784 [TestNG-tests-2] INFO  testCases.TC_001_AccountRegistrationTest - Clicked on My Account Link
14:24:05.051 [TestNG-tests-3] INFO  testCases.TC_001_AccountRegistrationTest - Clicked on Continue
14:24:05.178 [TestNG-tests-2] INFO  testCases.TC_001_AccountRegistrationTest - Clicked on My Register Link
14:24:05.180 [TestNG-tests-2] INFO  testCases.TC_001_AccountRegistrationTest - Providing all customer data.
14:24:05.377 [TestNG-tests-3] INFO  testCases.TC_001_AccountRegistrationTest - Verifying expected message
14:24:05.377 [TestNG-tests-3] INFO  testCases.TC_001_AccountRegistrationTest - *****  Finished TC_001_test_Account_Registration*****
14:24:05.519 [TestNG-tests-2] INFO  testCases.TC_001_AccountRegistrationTest - Clicked on Continue
14:24:06.091 [TestNG-tests-2] INFO  testCases.TC_001_AccountRegistrationTest - Verifying expected message
14:24:06.091 [TestNG-tests-2] INFO  testCases.TC_001_AccountRegistrationTest - *****  Finished TC_001_test_Account_Registration*****
14:26:07.243 [main] INFO  testCases.TC_001_AccountRegistrationTest - *****  Starting TC_001_test_Account_Registration*****
14:26:07.310 [main] INFO  testCases.TC_001_AccountRegistrationTest - Clicked on My Account Link
14:26:07.558 [main] INFO  testCases.TC_001_AccountRegistrationTest - Clicked on My Register Link
14:26:07.563 [main] INFO  testCases.TC_001_AccountRegistrationTest - Providing all customer data.
14:26:07.985 [main] INFO  testCases.TC_001_AccountRegistrationTest - Clicked on Continue
14:26:08.362 [main] INFO  testCases.TC_001_AccountRegistrationTest - Verifying expected message
14:26:08.365 [main] INFO  testCases.TC_001_AccountRegistrationTest - *****  Finished TC_001_test_Account_Registration*****
14:26:11.500 [main] INFO  testCases.TC_001_AccountRegistrationTest - *****  Starting TC_001_test_Account_Registration*****
14:26:11.751 [main] INFO  testCases.TC_001_AccountRegistrationTest - Clicked on My Account Link
14:26:12.031 [main] INFO  testCases.TC_001_AccountRegistrationTest - Clicked on My Register Link
14:26:12.032 [main] INFO  testCases.TC_001_AccountRegistrationTest - Providing all customer data.
14:26:12.356 [main] INFO  testCases.TC_001_AccountRegistrationTest - Clicked on Continue
14:26:12.609 [main] INFO  testCases.TC_001_AccountRegistrationTest - Verifying expected message
14:26:12.609 [main] INFO  testCases.TC_001_AccountRegistrationTest - *****  Finished TC_001_test_Account_Registration*****
14:26:16.372 [main] INFO  testCases.TC_001_AccountRegistrationTest - *****  Starting TC_001_test_Account_Registration*****
14:26:16.418 [main] INFO  testCases.TC_001_AccountRegistrationTest - Clicked on My Account Link
14:26:16.676 [main] INFO  testCases.TC_001_AccountRegistrationTest - Clicked on My Register Link
14:26:16.677 [main] INFO  testCases.TC_001_AccountRegistrationTest - Providing all customer data.
14:26:17.111 [main] INFO  testCases.TC_001_AccountRegistrationTest - Clicked on Continue
14:26:17.422 [main] INFO  testCases.TC_001_AccountRegistrationTest - Verifying expected message
14:26:17.422 [main] INFO  testCases.TC_001_AccountRegistrationTest - *****  Finished TC_001_test_Account_Registration*****
14:41:19.556 [TestNG-tests-1] INFO  testCases.TC_001_AccountRegistrationTest - *****  Starting TC_001_test_Account_Registration*****
14:41:19.640 [TestNG-tests-1] INFO  testCases.TC_001_AccountRegistrationTest - Clicked on My Account Link
14:41:20.239 [TestNG-tests-1] INFO  testCases.TC_001_AccountRegistrationTest - Clicked on My Register Link
14:41:20.242 [TestNG-tests-1] INFO  testCases.TC_001_AccountRegistrationTest - Providing all customer data.
14:41:21.286 [TestNG-tests-1] INFO  testCases.TC_001_AccountRegistrationTest - Clicked on Continue
14:41:21.445 [TestNG-tests-3] INFO  testCases.TC_001_AccountRegistrationTest - *****  Starting TC_001_test_Account_Registration*****
14:41:21.591 [TestNG-tests-3] INFO  testCases.TC_001_AccountRegistrationTest - Clicked on My Account Link
14:41:22.005 [TestNG-tests-1] INFO  testCases.TC_001_AccountRegistrationTest - Verifying expected message
14:41:22.010 [TestNG-tests-1] INFO  testCases.TC_001_AccountRegistrationTest - *****  Finished TC_001_test_Account_Registration*****
14:41:22.024 [TestNG-tests-3] INFO  testCases.TC_001_AccountRegistrationTest - Clicked on My Register Link
14:41:22.026 [TestNG-tests-3] INFO  testCases.TC_001_AccountRegistrationTest - Providing all customer data.
14:41:22.662 [TestNG-tests-2] INFO  testCases.TC_001_AccountRegistrationTest - *****  Starting TC_001_test_Account_Registration*****
14:41:22.899 [TestNG-tests-3] INFO  testCases.TC_001_AccountRegistrationTest - Clicked on Continue
14:41:22.940 [TestNG-tests-2] INFO  testCases.TC_001_AccountRegistrationTest - Clicked on My Account Link
14:41:23.328 [TestNG-tests-2] INFO  testCases.TC_001_AccountRegistrationTest - Clicked on My Register Link
14:41:23.334 [TestNG-tests-2] INFO  testCases.TC_001_AccountRegistrationTest - Providing all customer data.
14:41:23.391 [TestNG-tests-3] INFO  testCases.TC_001_AccountRegistrationTest - Verifying expected message
14:41:23.391 [TestNG-tests-3] INFO  testCases.TC_001_AccountRegistrationTest - *****  Finished TC_001_test_Account_Registration*****
14:41:23.834 [TestNG-tests-2] INFO  testCases.TC_001_AccountRegistrationTest - Clicked on Continue
14:41:24.137 [TestNG-tests-2] INFO  testCases.TC_001_AccountRegistrationTest - Verifying expected message
14:41:24.137 [TestNG-tests-2] INFO  testCases.TC_001_AccountRegistrationTest - *****  Finished TC_001_test_Account_Registration*****
14:52:08.053 [TestNG-tests-3] INFO  testCases.TC_001_AccountRegistrationTest - *****  Starting TC_001_test_Account_Registration*****
14:52:08.128 [TestNG-tests-3] INFO  testCases.TC_001_AccountRegistrationTest - Clicked on My Account Link
14:52:09.676 [TestNG-tests-3] INFO  testCases.TC_001_AccountRegistrationTest - Clicked on My Register Link
14:52:09.678 [TestNG-tests-3] INFO  testCases.TC_001_AccountRegistrationTest - Providing all customer data.
14:52:10.068 [TestNG-tests-1] INFO  testCases.TC_001_AccountRegistrationTest - *****  Starting TC_001_test_Account_Registration*****
14:52:10.168 [TestNG-tests-1] INFO  testCases.TC_001_AccountRegistrationTest - Clicked on My Account Link
14:52:10.683 [TestNG-tests-3] INFO  testCases.TC_001_AccountRegistrationTest - Clicked on Continue
14:52:10.854 [TestNG-tests-1] INFO  testCases.TC_001_AccountRegistrationTest - Clicked on My Register Link
14:52:10.855 [TestNG-tests-1] INFO  testCases.TC_001_AccountRegistrationTest - Providing all customer data.
14:52:11.216 [TestNG-tests-2] INFO  testCases.TC_001_AccountRegistrationTest - *****  Starting TC_001_test_Account_Registration*****
14:52:11.277 [TestNG-tests-3] INFO  testCases.TC_001_AccountRegistrationTest - Verifying expected message
14:52:11.280 [TestNG-tests-3] INFO  testCases.TC_001_AccountRegistrationTest - *****  Finished TC_001_test_Account_Registration*****
14:52:11.437 [TestNG-tests-1] INFO  testCases.TC_001_AccountRegistrationTest - Clicked on Continue
14:52:11.530 [TestNG-tests-2] INFO  testCases.TC_001_AccountRegistrationTest - Clicked on My Account Link
14:52:11.899 [TestNG-tests-1] INFO  testCases.TC_001_AccountRegistrationTest - Verifying expected message
14:52:11.899 [TestNG-tests-1] INFO  testCases.TC_001_AccountRegistrationTest - *****  Finished TC_001_test_Account_Registration*****
14:52:12.078 [TestNG-tests-2] INFO  testCases.TC_001_AccountRegistrationTest - Clicked on My Register Link
14:52:12.080 [TestNG-tests-2] INFO  testCases.TC_001_AccountRegistrationTest - Providing all customer data.
14:52:12.440 [TestNG-tests-2] INFO  testCases.TC_001_AccountRegistrationTest - Clicked on Continue
14:52:12.722 [TestNG-tests-2] INFO  testCases.TC_001_AccountRegistrationTest - Verifying expected message
14:52:12.722 [TestNG-tests-2] INFO  testCases.TC_001_AccountRegistrationTest - *****  Finished TC_001_test_Account_Registration*****
16:38:36.568 [main] INFO  testCases.TC_001_AccountRegistrationTest - *****  Starting TC_001_test_Account_Registration*****
16:38:36.637 [main] INFO  testCases.TC_001_AccountRegistrationTest - Clicked on My Account Link
16:38:36.891 [main] INFO  testCases.TC_001_AccountRegistrationTest - Clicked on My Register Link
16:38:36.894 [main] INFO  testCases.TC_001_AccountRegistrationTest - Providing all customer data.
16:38:37.372 [main] INFO  testCases.TC_001_AccountRegistrationTest - Clicked on Continue
16:38:37.702 [main] INFO  testCases.TC_001_AccountRegistrationTest - Verifying expected message
16:38:37.704 [main] INFO  testCases.TC_001_AccountRegistrationTest - *****  Finished TC_001_test_Account_Registration*****
16:40:25.417 [main] INFO  testCases.TC_001_AccountRegistrationTest - *****  Starting TC_001_test_Account_Registration*****
16:40:25.488 [main] INFO  testCases.TC_001_AccountRegistrationTest - Clicked on My Account Link
16:40:25.770 [main] INFO  testCases.TC_001_AccountRegistrationTest - Clicked on My Register Link
16:40:25.772 [main] INFO  testCases.TC_001_AccountRegistrationTest - Providing all customer data.
16:40:26.126 [main] INFO  testCases.TC_001_AccountRegistrationTest - Clicked on Continue
16:40:36.399 [main] INFO  testCases.TC_001_AccountRegistrationTest - Verifying expected message
18:08:58.768 [main] INFO  testCases.TC_001_AccountRegistrationTest - *****  Starting TC_001_test_Account_Registration*****
18:08:58.825 [main] INFO  testCases.TC_001_AccountRegistrationTest - Clicked on My Account Link
18:08:59.204 [main] INFO  testCases.TC_001_AccountRegistrationTest - Clicked on My Register Link
18:08:59.206 [main] INFO  testCases.TC_001_AccountRegistrationTest - Providing all customer data.
18:08:59.619 [main] INFO  testCases.TC_001_AccountRegistrationTest - Clicked on Continue
18:08:59.973 [main] INFO  testCases.TC_001_AccountRegistrationTest - Verifying expected message
18:08:59.975 [main] INFO  testCases.TC_001_AccountRegistrationTest - *****  Finished TC_001_test_Account_Registration*****
18:09:03.443 [main] INFO  testCases.TC_002_LoginTest - **** Starting TC_002_LoginTest****
18:09:03.493 [main] INFO  testCases.TC_002_LoginTest - Clicked on My Account Link on Home Page
18:09:03.679 [main] INFO  testCases.TC_002_LoginTest - ****Clicked on Login Link in Home Page
18:09:04.111 [main] INFO  testCases.TC_002_LoginTest - Clicked on login button
18:09:04.159 [main] INFO  testCases.TC_002_LoginTest - **** Finished TC_002_LoginTest ****
06:19:40.842 [main] INFO  testCases.TC_001_AccountRegistrationTest - *****  Starting TC_001_test_Account_Registration*****
06:19:40.934 [main] INFO  testCases.TC_001_AccountRegistrationTest - Clicked on My Account Link
06:19:41.240 [main] INFO  testCases.TC_001_AccountRegistrationTest - Clicked on My Register Link
06:19:41.252 [main] INFO  testCases.TC_001_AccountRegistrationTest - Providing all customer data.
06:19:41.948 [main] INFO  testCases.TC_001_AccountRegistrationTest - Clicked on Continue
06:19:42.367 [main] INFO  testCases.TC_001_AccountRegistrationTest - Verifying expected message
06:19:42.371 [main] INFO  testCases.TC_001_AccountRegistrationTest - *****  Finished TC_001_test_Account_Registration*****
06:19:44.132 [main] INFO  testCases.TC_002_LoginTest - **** Starting TC_002_LoginTest****
06:19:44.195 [main] INFO  testCases.TC_002_LoginTest - Clicked on My Account Link on Home Page
06:19:44.366 [main] INFO  testCases.TC_002_LoginTest - ****Clicked on Login Link in Home Page
06:19:44.833 [main] INFO  testCases.TC_002_LoginTest - Clicked on login button
06:19:44.887 [main] INFO  testCases.TC_002_LoginTest - **** Finished TC_002_LoginTest ****
06:19:47.571 [main] INFO  testCases.TC_003_LoginDDT - **** Starting TC_003_LoginDDT ****
06:19:48.956 [main] INFO  testCases.TC_003_LoginDDT - **** Starting TC_003_LoginDDT ****
06:19:59.979 [main] INFO  testCases.TC_003_LoginDDT - **** Starting TC_003_LoginDDT ****
06:20:11.146 [main] INFO  testCases.TC_003_LoginDDT - **** Starting TC_003_LoginDDT ****
06:20:22.577 [main] INFO  testCases.TC_003_LoginDDT - **** Starting TC_003_LoginDDT ****
06:20:23.814 [main] INFO  testCases.TC_003_LoginDDT - **** Finished TC_003_LoginDDT ****
06:38:40.542 [main] INFO  testCases.TC_003_LoginDDT - **** Starting TC_003_LoginDDT ****
06:38:42.512 [main] INFO  testCases.TC_003_LoginDDT - **** Starting TC_003_LoginDDT ****
06:38:53.463 [main] INFO  testCases.TC_003_LoginDDT - **** Starting TC_003_LoginDDT ****
06:39:04.581 [main] INFO  testCases.TC_003_LoginDDT - **** Starting TC_003_LoginDDT ****
06:39:15.733 [main] INFO  testCases.TC_003_LoginDDT - **** Starting TC_003_LoginDDT ****
06:39:16.966 [main] INFO  testCases.TC_003_LoginDDT - **** Finished TC_003_LoginDDT ****
06:41:57.815 [main] INFO  testCases.TC_003_LoginDDT - **** Starting TC_003_LoginDDT ****
06:41:59.426 [main] INFO  testCases.TC_003_LoginDDT - **** Starting TC_003_LoginDDT ****
06:42:10.523 [main] INFO  testCases.TC_003_LoginDDT - **** Starting TC_003_LoginDDT ****
06:42:21.698 [main] INFO  testCases.TC_003_LoginDDT - **** Starting TC_003_LoginDDT ****
06:42:33.078 [main] INFO  testCases.TC_003_LoginDDT - **** Starting TC_003_LoginDDT ****
06:42:34.302 [main] INFO  testCases.TC_003_LoginDDT - **** Finished TC_003_LoginDDT ****
06:42:58.382 [main] INFO  testCases.TC_003_LoginDDT - **** Starting TC_003_LoginDDT ****
06:43:00.139 [main] INFO  testCases.TC_003_LoginDDT - **** Starting TC_003_LoginDDT ****
06:43:11.304 [main] INFO  testCases.TC_003_LoginDDT - **** Starting TC_003_LoginDDT ****
06:43:22.426 [main] INFO  testCases.TC_003_LoginDDT - **** Starting TC_003_LoginDDT ****
06:43:33.541 [main] INFO  testCases.TC_003_LoginDDT - **** Starting TC_003_LoginDDT ****
06:43:34.959 [main] INFO  testCases.TC_003_LoginDDT - **** Finished TC_003_LoginDDT ****
06:45:46.953 [main] INFO  testCases.TC_003_LoginDDT - **** Starting TC_003_LoginDDT ****
06:45:48.517 [main] INFO  testCases.TC_003_LoginDDT - **** Starting TC_003_LoginDDT ****
06:45:59.216 [main] INFO  testCases.TC_003_LoginDDT - **** Finished TC_003_LoginDDT ****
06:45:59.220 [main] INFO  testCases.TC_003_LoginDDT - **** Starting TC_003_LoginDDT ****
06:46:10.117 [main] INFO  testCases.TC_003_LoginDDT - **** Finished TC_003_LoginDDT ****
06:46:10.121 [main] INFO  testCases.TC_003_LoginDDT - **** Starting TC_003_LoginDDT ****
06:46:21.007 [main] INFO  testCases.TC_003_LoginDDT - **** Finished TC_003_LoginDDT ****
06:46:21.011 [main] INFO  testCases.TC_003_LoginDDT - **** Starting TC_003_LoginDDT ****
06:46:22.368 [main] INFO  testCases.TC_003_LoginDDT - **** Finished TC_003_LoginDDT ****
07:02:29.103 [main] INFO  testCases.TC_001_AccountRegistrationTest - *****  Starting TC_001_test_Account_Registration*****
07:02:29.202 [main] INFO  testCases.TC_001_AccountRegistrationTest - Clicked on My Account Link
07:02:29.827 [main] INFO  testCases.TC_001_AccountRegistrationTest - Clicked on My Register Link
07:02:29.830 [main] INFO  testCases.TC_001_AccountRegistrationTest - Providing all customer data.
07:02:30.471 [main] INFO  testCases.TC_001_AccountRegistrationTest - Clicked on Continue
07:02:30.883 [main] INFO  testCases.TC_001_AccountRegistrationTest - Verifying expected message
07:02:30.887 [main] INFO  testCases.TC_001_AccountRegistrationTest - *****  Finished TC_001_test_Account_Registration*****
07:02:33.711 [main] INFO  testCases.TC_002_LoginTest - **** Starting TC_002_LoginTest****
07:02:33.765 [main] INFO  testCases.TC_002_LoginTest - Clicked on My Account Link on Home Page
07:02:33.983 [main] INFO  testCases.TC_002_LoginTest - ****Clicked on Login Link in Home Page
07:02:34.501 [main] INFO  testCases.TC_002_LoginTest - Clicked on login button
07:02:34.559 [main] INFO  testCases.TC_002_LoginTest - **** Finished TC_002_LoginTest ****
07:03:22.281 [main] INFO  testCases.TC_002_LoginTest - **** Starting TC_002_LoginTest****
07:03:22.370 [main] INFO  testCases.TC_002_LoginTest - Clicked on My Account Link on Home Page
07:03:22.596 [main] INFO  testCases.TC_002_LoginTest - ****Clicked on Login Link in Home Page
07:03:23.204 [main] INFO  testCases.TC_002_LoginTest - Clicked on login button
07:03:23.290 [main] INFO  testCases.TC_002_LoginTest - **** Finished TC_002_LoginTest ****
07:12:13.769 [main] INFO  testCases.TC_001_AccountRegistrationTest - *****  Starting TC_001_test_Account_Registration*****
07:12:13.870 [main] INFO  testCases.TC_001_AccountRegistrationTest - Clicked on My Account Link
07:12:14.242 [main] INFO  testCases.TC_001_AccountRegistrationTest - Clicked on My Register Link
07:12:14.245 [main] INFO  testCases.TC_001_AccountRegistrationTest - Providing all customer data.
07:12:15.226 [main] INFO  testCases.TC_001_AccountRegistrationTest - Clicked on Continue
07:12:15.620 [main] INFO  testCases.TC_001_AccountRegistrationTest - Verifying expected message
07:12:15.626 [main] INFO  testCases.TC_001_AccountRegistrationTest - *****  Finished TC_001_test_Account_Registration*****
07:12:19.436 [main] INFO  testCases.TC_002_LoginTest - **** Starting TC_002_LoginTest****
07:12:19.501 [main] INFO  testCases.TC_002_LoginTest - Clicked on My Account Link on Home Page
07:12:19.711 [main] INFO  testCases.TC_002_LoginTest - ****Clicked on Login Link in Home Page
07:12:20.239 [main] INFO  testCases.TC_002_LoginTest - Clicked on login button
07:12:20.352 [main] INFO  testCases.TC_002_LoginTest - **** Finished TC_002_LoginTest ****
07:12:23.418 [main] INFO  testCases.TC_003_LoginDDT - **** Starting TC_003_LoginDDT ****
07:12:24.959 [main] INFO  testCases.TC_003_LoginDDT - **** Starting TC_003_LoginDDT ****
07:12:35.697 [main] INFO  testCases.TC_003_LoginDDT - **** Finished TC_003_LoginDDT ****
07:12:35.701 [main] INFO  testCases.TC_003_LoginDDT - **** Starting TC_003_LoginDDT ****
07:12:46.559 [main] INFO  testCases.TC_003_LoginDDT - **** Finished TC_003_LoginDDT ****
07:12:46.563 [main] INFO  testCases.TC_003_LoginDDT - **** Starting TC_003_LoginDDT ****
07:12:57.406 [main] INFO  testCases.TC_003_LoginDDT - **** Finished TC_003_LoginDDT ****
07:12:57.410 [main] INFO  testCases.TC_003_LoginDDT - **** Starting TC_003_LoginDDT ****
07:12:58.713 [main] INFO  testCases.TC_003_LoginDDT - **** Finished TC_003_LoginDDT ****
12:12:57.860 [main] INFO  testCases.TC_001_AccountRegistrationTest - *****  Starting TC_001_test_Account_Registration*****
12:12:57.917 [main] INFO  testCases.TC_001_AccountRegistrationTest - Clicked on My Account Link
12:12:58.220 [main] INFO  testCases.TC_001_AccountRegistrationTest - Clicked on My Register Link
